CI=true \
	TRAVIS_COMMIT=`git rev-parse --short HEAD`+`date +%s` \
	TRAVIS_BRANCH=`git rev-parse --abbrev-ref HEAD` \
	PACT_BROKER_PUBLISH_VERIFICATION_RESULTS=true \
	make ci
./gradlew clean test -i
Initialized native services in: /Users/matthewfellows/.gradle/native
Found daemon DaemonInfo{pid=32628, address=[95c8d7fe-8b79-406e-b4e9-84b1e7625c4c port:56503, addresses:[/127.0.0.1]], state=Idle, lastBusy=1607389134970, context=DefaultDaemonContext[uid=56bfaeef-e2bd-418b-85ca-4a69db1c9238,javaHome=/Library/Java/JavaVirtualMachines/jdk-11.jdk/Contents/Home,daemonRegistryDir=/Users/matthewfellows/.gradle/daemon,pid=32628,idleTimeout=10800000,priority=NORMAL,daemonOpts=--add-opens,java.base/java.util=ALL-UNNAMED,--add-opens,java.base/java.lang=ALL-UNNAMED,--add-opens,java.base/java.lang.invoke=ALL-UNNAMED,--add-opens,java.prefs/java.util.prefs=ALL-UNNAMED,-XX:MaxMetaspaceSize=256m,-XX:+HeapDumpOnOutOfMemoryError,-Xms256m,-Xmx512m,-Dfile.encoding=utf8,-Duser.country=AU,-Duser.language=en,-Duser.variant]} however its context does not match the desired criteria.
At least one daemon option is different.
Wanted: DefaultDaemonContext[uid=null,javaHome=/Library/Java/JavaVirtualMachines/jdk-11.jdk/Contents/Home,daemonRegistryDir=/Users/matthewfellows/.gradle/daemon,pid=33355,idleTimeout=null,priority=NORMAL,daemonOpts=--add-opens,java.base/java.util=ALL-UNNAMED,--add-opens,java.base/java.lang=ALL-UNNAMED,--add-opens,java.base/java.lang.invoke=ALL-UNNAMED,--add-opens,java.prefs/java.util.prefs=ALL-UNNAMED,-XX:MaxMetaspaceSize=256m,-XX:+HeapDumpOnOutOfMemoryError,-Xms256m,-Xmx512m,-Dfile.encoding=UTF-8,-Duser.country=AU,-Duser.language=en,-Duser.variant]
Actual: DefaultDaemonContext[uid=56bfaeef-e2bd-418b-85ca-4a69db1c9238,javaHome=/Library/Java/JavaVirtualMachines/jdk-11.jdk/Contents/Home,daemonRegistryDir=/Users/matthewfellows/.gradle/daemon,pid=32628,idleTimeout=10800000,priority=NORMAL,daemonOpts=--add-opens,java.base/java.util=ALL-UNNAMED,--add-opens,java.base/java.lang=ALL-UNNAMED,--add-opens,java.base/java.lang.invoke=ALL-UNNAMED,--add-opens,java.prefs/java.util.prefs=ALL-UNNAMED,-XX:MaxMetaspaceSize=256m,-XX:+HeapDumpOnOutOfMemoryError,-Xms256m,-Xmx512m,-Dfile.encoding=utf8,-Duser.country=AU,-Duser.language=en,-Duser.variant]

  Looking for a different daemon...
The client will now receive all logging from the daemon (pid: 32951). The daemon log file: /Users/matthewfellows/.gradle/daemon/6.6.1/daemon-32951.out.log
Starting 3rd build in daemon [uptime: 9 mins 37.714 secs, performance: 99%, non-heap usage: 27% of 268.4 MB]
Using 8 worker leases.
Starting Build
Settings evaluated using settings file '/Users/matthewfellows/development/public/pactflow-example-provider-springboot/settings.gradle'.
Projects loaded. Root project using build file '/Users/matthewfellows/development/public/pactflow-example-provider-springboot/build.gradle'.
Included projects: [root project 'spring-boot']

> Configure project :
Evaluating root project 'spring-boot' using build file '/Users/matthewfellows/development/public/pactflow-example-provider-springboot/build.gradle'.
Cache entries evicted. In-memory cache of /Users/matthewfellows/.gradle/caches/journal-1/file-access.bin: Size{400} MaxSize{400}, CacheStats{hitCount=0, missCount=0, loadSuccessCount=0, loadExceptionCount=0, totalLoadTime=0, evictionCount=561} 
Performance may suffer from in-memory cache misses. Increase max heap size of Gradle build process to reduce cache misses.
Cache entries evicted. In-memory cache of /Users/matthewfellows/.gradle/caches/journal-1/file-access.bin: Size{400} MaxSize{400}, CacheStats{hitCount=0, missCount=0, loadSuccessCount=0, loadExceptionCount=0, totalLoadTime=0, evictionCount=562} 
Performance may suffer from in-memory cache misses. Increase max heap size of Gradle build process to reduce cache misses.
Cache entries evicted. In-memory cache of /Users/matthewfellows/.gradle/caches/journal-1/file-access.bin: Size{400} MaxSize{400}, CacheStats{hitCount=0, missCount=0, loadSuccessCount=0, loadExceptionCount=0, totalLoadTime=0, evictionCount=601} 
Performance may suffer from in-memory cache misses. Increase max heap size of Gradle build process to reduce cache misses.
Applying dependency management to configuration 'bootArchives' in project 'spring-boot'
Applying dependency management to configuration 'archives' in project 'spring-boot'
Applying dependency management to configuration 'default' in project 'spring-boot'
Applying dependency management to configuration 'compile' in project 'spring-boot'
Applying dependency management to configuration 'implementation' in project 'spring-boot'
Applying dependency management to configuration 'runtime' in project 'spring-boot'
Applying dependency management to configuration 'compileOnly' in project 'spring-boot'
Applying dependency management to configuration 'compileClasspath' in project 'spring-boot'
Applying dependency management to configuration 'annotationProcessor' in project 'spring-boot'
Applying dependency management to configuration 'runtimeOnly' in project 'spring-boot'
Applying dependency management to configuration 'runtimeClasspath' in project 'spring-boot'
Applying dependency management to configuration 'testCompile' in project 'spring-boot'
Applying dependency management to configuration 'testImplementation' in project 'spring-boot'
Applying dependency management to configuration 'testRuntime' in project 'spring-boot'
Applying dependency management to configuration 'testCompileOnly' in project 'spring-boot'
Applying dependency management to configuration 'testCompileClasspath' in project 'spring-boot'
Applying dependency management to configuration 'testAnnotationProcessor' in project 'spring-boot'
Applying dependency management to configuration 'testRuntimeOnly' in project 'spring-boot'
Applying dependency management to configuration 'testRuntimeClasspath' in project 'spring-boot'
Applying dependency management to configuration 'apiElements' in project 'spring-boot'
Applying dependency management to configuration 'runtimeElements' in project 'spring-boot'
All projects evaluated.
Selected primary task 'clean' from project :
Selected primary task 'test' from project :
Tasks to be executed: [task ':clean', task ':compileJava', task ':processResources', task ':classes', task ':compileTestJava', task ':processTestResources', task ':testClasses', task ':test']
Tasks that were excluded: []
:clean (Thread[Execution worker for ':',5,main]) started.

> Task :clean
Caching disabled for task ':clean' because:
  Build cache is disabled
Task ':clean' is not up-to-date because:
  Task has not declared any outputs despite executing actions.
:clean (Thread[Execution worker for ':',5,main]) completed. Took 0.007 secs.
:compileJava (Thread[Execution worker for ':',5,main]) started.

> Task :compileJava
Resolving global dependency management for project 'spring-boot'
Cache entries evicted. In-memory cache of /Users/matthewfellows/.gradle/caches/journal-1/file-access.bin: Size{400} MaxSize{400}, CacheStats{hitCount=0, missCount=0, loadSuccessCount=0, loadExceptionCount=0, totalLoadTime=0, evictionCount=641} 
Performance may suffer from in-memory cache misses. Increase max heap size of Gradle build process to reduce cache misses.
Cache entries evicted. In-memory cache of /Users/matthewfellows/.gradle/caches/journal-1/file-access.bin: Size{400} MaxSize{400}, CacheStats{hitCount=0, missCount=0, loadSuccessCount=0, loadExceptionCount=0, totalLoadTime=0, evictionCount=681} 
Performance may suffer from in-memory cache misses. Increase max heap size of Gradle build process to reduce cache misses.
Cache entries evicted. In-memory cache of /Users/matthewfellows/.gradle/caches/journal-1/file-access.bin: Size{400} MaxSize{400}, CacheStats{hitCount=0, missCount=0, loadSuccessCount=0, loadExceptionCount=0, totalLoadTime=0, evictionCount=721} 
Performance may suffer from in-memory cache misses. Increase max heap size of Gradle build process to reduce cache misses.
Excluding [org.apache.tomcat:tomcat-annotations-api]
Cache entries evicted. In-memory cache of /Users/matthewfellows/.gradle/caches/journal-1/file-access.bin: Size{400} MaxSize{400}, CacheStats{hitCount=0, missCount=0, loadSuccessCount=0, loadExceptionCount=0, totalLoadTime=0, evictionCount=761} 
Performance may suffer from in-memory cache misses. Increase max heap size of Gradle build process to reduce cache misses.
Cache entries evicted. In-memory cache of /Users/matthewfellows/.gradle/caches/journal-1/file-access.bin: Size{400} MaxSize{400}, CacheStats{hitCount=0, missCount=0, loadSuccessCount=0, loadExceptionCount=0, totalLoadTime=0, evictionCount=763} 
Performance may suffer from in-memory cache misses. Increase max heap size of Gradle build process to reduce cache misses.
Cache entries evicted. In-memory cache of /Users/matthewfellows/.gradle/caches/journal-1/file-access.bin: Size{400} MaxSize{400}, CacheStats{hitCount=0, missCount=0, loadSuccessCount=0, loadExceptionCount=0, totalLoadTime=0, evictionCount=762} 
Performance may suffer from in-memory cache misses. Increase max heap size of Gradle build process to reduce cache misses.
Cache entries evicted. In-memory cache of /Users/matthewfellows/.gradle/caches/journal-1/file-access.bin: Size{400} MaxSize{400}, CacheStats{hitCount=0, missCount=0, loadSuccessCount=0, loadExceptionCount=0, totalLoadTime=0, evictionCount=801} 
Performance may suffer from in-memory cache misses. Increase max heap size of Gradle build process to reduce cache misses.
Cache entries evicted. In-memory cache of /Users/matthewfellows/.gradle/caches/journal-1/file-access.bin: Size{400} MaxSize{400}, CacheStats{hitCount=0, missCount=0, loadSuccessCount=0, loadExceptionCount=0, totalLoadTime=0, evictionCount=802} 
Performance may suffer from in-memory cache misses. Increase max heap size of Gradle build process to reduce cache misses.
Cache entries evicted. In-memory cache of /Users/matthewfellows/.gradle/caches/journal-1/file-access.bin: Size{400} MaxSize{400}, CacheStats{hitCount=0, missCount=0, loadSuccessCount=0, loadExceptionCount=0, totalLoadTime=0, evictionCount=803} 
Performance may suffer from in-memory cache misses. Increase max heap size of Gradle build process to reduce cache misses.
Excluding []
Caching disabled for task ':compileJava' because:
  Build cache is disabled
Task ':compileJava' is not up-to-date because:
  Output property 'destinationDirectory' file /Users/matthewfellows/development/public/pactflow-example-provider-springboot/build/classes/java/main has been removed.
  Output property 'destinationDirectory' file /Users/matthewfellows/development/public/pactflow-example-provider-springboot/build/classes/java/main/com has been removed.
  Output property 'destinationDirectory' file /Users/matthewfellows/development/public/pactflow-example-provider-springboot/build/classes/java/main/com/example has been removed.
The input changes require a full rebuild for incremental task ':compileJava'.
Full recompilation is required because no incremental change information is available. This is usually caused by clean builds or changing compiler arguments.
Compiling with JDK Java compiler API.
Created classpath snapshot for incremental compilation in 0.004 secs. 1 duplicate classes found in classpath (see all with --debug).
:compileJava (Thread[Execution worker for ':',5,main]) completed. Took 0.947 secs.
:processResources (Thread[Execution worker for ':',5,main]) started.

> Task :processResources NO-SOURCE
file or directory '/Users/matthewfellows/development/public/pactflow-example-provider-springboot/src/main/resources', not found
Skipping task ':processResources' as it has no source files and no previous output files.
:processResources (Thread[Execution worker for ':',5,main]) completed. Took 0.0 secs.
:classes (Thread[Execution worker for ':',5,main]) started.

> Task :classes
Skipping task ':classes' as it has no actions.
:classes (Thread[Execution worker for ':',5,main]) completed. Took 0.0 secs.
:compileTestJava (Thread[Execution worker for ':',5,main]) started.

> Task :compileTestJava
Cache entries evicted. In-memory cache of /Users/matthewfellows/.gradle/caches/journal-1/file-access.bin: Size{400} MaxSize{400}, CacheStats{hitCount=0, missCount=0, loadSuccessCount=0, loadExceptionCount=0, totalLoadTime=0, evictionCount=841} 
Performance may suffer from in-memory cache misses. Increase max heap size of Gradle build process to reduce cache misses.
Cache entries evicted. In-memory cache of /Users/matthewfellows/.gradle/caches/journal-1/file-access.bin: Size{400} MaxSize{400}, CacheStats{hitCount=0, missCount=0, loadSuccessCount=0, loadExceptionCount=0, totalLoadTime=0, evictionCount=881} 
Performance may suffer from in-memory cache misses. Increase max heap size of Gradle build process to reduce cache misses.
Cache entries evicted. In-memory cache of /Users/matthewfellows/.gradle/caches/journal-1/file-access.bin: Size{400} MaxSize{400}, CacheStats{hitCount=0, missCount=0, loadSuccessCount=0, loadExceptionCount=0, totalLoadTime=0, evictionCount=921} 
Performance may suffer from in-memory cache misses. Increase max heap size of Gradle build process to reduce cache misses.
Excluding []
Cache entries evicted. In-memory cache of /Users/matthewfellows/.gradle/caches/journal-1/file-access.bin: Size{400} MaxSize{400}, CacheStats{hitCount=0, missCount=0, loadSuccessCount=0, loadExceptionCount=0, totalLoadTime=0, evictionCount=961} 
Performance may suffer from in-memory cache misses. Increase max heap size of Gradle build process to reduce cache misses.
Cache entries evicted. In-memory cache of /Users/matthewfellows/.gradle/caches/journal-1/file-access.bin: Size{400} MaxSize{400}, CacheStats{hitCount=0, missCount=0, loadSuccessCount=0, loadExceptionCount=0, totalLoadTime=0, evictionCount=963} 
Performance may suffer from in-memory cache misses. Increase max heap size of Gradle build process to reduce cache misses.
Cache entries evicted. In-memory cache of /Users/matthewfellows/.gradle/caches/journal-1/file-access.bin: Size{400} MaxSize{400}, CacheStats{hitCount=0, missCount=0, loadSuccessCount=0, loadExceptionCount=0, totalLoadTime=0, evictionCount=962} 
Performance may suffer from in-memory cache misses. Increase max heap size of Gradle build process to reduce cache misses.
Excluding []
Caching disabled for task ':compileTestJava' because:
  Build cache is disabled
Task ':compileTestJava' is not up-to-date because:
  Output property 'destinationDirectory' file /Users/matthewfellows/development/public/pactflow-example-provider-springboot/build/classes/java/test has been removed.
  Output property 'destinationDirectory' file /Users/matthewfellows/development/public/pactflow-example-provider-springboot/build/classes/java/test/com has been removed.
  Output property 'destinationDirectory' file /Users/matthewfellows/development/public/pactflow-example-provider-springboot/build/classes/java/test/com/example has been removed.
The input changes require a full rebuild for incremental task ':compileTestJava'.
Full recompilation is required because no incremental change information is available. This is usually caused by clean builds or changing compiler arguments.
Compiling with JDK Java compiler API.
Created classpath snapshot for incremental compilation in 0.014 secs. 118 duplicate classes found in classpath (see all with --debug).
:compileTestJava (Thread[Execution worker for ':',5,main]) completed. Took 0.545 secs.
:processTestResources (Thread[Execution worker for ':',5,main]) started.

> Task :processTestResources NO-SOURCE
file or directory '/Users/matthewfellows/development/public/pactflow-example-provider-springboot/src/test/resources', not found
Skipping task ':processTestResources' as it has no source files and no previous output files.
:processTestResources (Thread[Execution worker for ':',5,main]) completed. Took 0.0 secs.
:testClasses (Thread[Execution worker for ':',5,main]) started.

> Task :testClasses
Skipping task ':testClasses' as it has no actions.
:testClasses (Thread[Execution worker for ':',5,main]) completed. Took 0.0 secs.
:test (Thread[Execution worker for ':' Thread 7,5,main]) started.
Gradle Test Executor 3 started executing tests.

> Task :test
Excluding []
Cache entries evicted. In-memory cache of /Users/matthewfellows/.gradle/caches/journal-1/file-access.bin: Size{400} MaxSize{400}, CacheStats{hitCount=0, missCount=0, loadSuccessCount=0, loadExceptionCount=0, totalLoadTime=0, evictionCount=1001} 
Performance may suffer from in-memory cache misses. Increase max heap size of Gradle build process to reduce cache misses.
Cache entries evicted. In-memory cache of /Users/matthewfellows/.gradle/caches/journal-1/file-access.bin: Size{400} MaxSize{400}, CacheStats{hitCount=0, missCount=0, loadSuccessCount=0, loadExceptionCount=0, totalLoadTime=0, evictionCount=1002} 
Performance may suffer from in-memory cache misses. Increase max heap size of Gradle build process to reduce cache misses.
Cache entries evicted. In-memory cache of /Users/matthewfellows/.gradle/caches/journal-1/file-access.bin: Size{400} MaxSize{400}, CacheStats{hitCount=0, missCount=0, loadSuccessCount=0, loadExceptionCount=0, totalLoadTime=0, evictionCount=1003} 
Performance may suffer from in-memory cache misses. Increase max heap size of Gradle build process to reduce cache misses.
Caching disabled for task ':test' because:
  Build cache is disabled
Task ':test' is not up-to-date because:
  Task has failed previously.
Starting process 'Gradle Test Executor 3'. Working directory: /Users/matthewfellows/development/public/pactflow-example-provider-springboot Command: /Library/Java/JavaVirtualMachines/jdk-11.jdk/Contents/Home/bin/java -Dorg.gradle.native=false -Dpact.provider.tag=master -Dpact.provider.version=cdbbf3f+1607389885 -Dpact.verifier.publishResults=true @/private/var/folders/3l/vsf3kf6n3yd_p40kwn_1883c0000gn/T/gradle-worker-classpath10073775825923817640txt -Xmx512m -Dfile.encoding=UTF-8 -Duser.country=AU -Duser.language=en -Duser.variant -ea worker.org.gradle.process.internal.worker.GradleWorkerMain 'Gradle Test Executor 3'
Successfully started process 'Gradle Test Executor 3'

com.example.springboot.ProductsPactTest STANDARD_OUT
    12:11:28.155 [Test worker] DEBUG org.springframework.test.context.BootstrapUtils - Instantiating CacheAwareContextLoaderDelegate from class [org.springframework.test.context.cache.DefaultCacheAwareContextLoaderDelegate]
    12:11:28.170 [Test worker] DEBUG org.springframework.test.context.BootstrapUtils - Instantiating BootstrapContext using constructor [public org.springframework.test.context.support.DefaultBootstrapContext(java.lang.Class,org.springframework.test.context.CacheAwareContextLoaderDelegate)]
    12:11:28.199 [Test worker] DEBUG org.springframework.test.context.BootstrapUtils - Instantiating TestContextBootstrapper for test class [com.example.springboot.ProductsPactTest] from class [org.springframework.boot.test.context.SpringBootTestContextBootstrapper]
    12:11:28.218 [Test worker] INFO org.springframework.boot.test.context.SpringBootTestContextBootstrapper - Neither @ContextConfiguration nor @ContextHierarchy found for test class [com.example.springboot.ProductsPactTest], using SpringBootContextLoader
    12:11:28.222 [Test worker] DEBUG org.springframework.test.context.support.AbstractContextLoader - Did not detect default resource location for test class [com.example.springboot.ProductsPactTest]: class path resource [com/example/springboot/ProductsPactTest-context.xml] does not exist
    12:11:28.223 [Test worker] DEBUG org.springframework.test.context.support.AbstractContextLoader - Did not detect default resource location for test class [com.example.springboot.ProductsPactTest]: class path resource [com/example/springboot/ProductsPactTestContext.groovy] does not exist
    12:11:28.223 [Test worker] INFO org.springframework.test.context.support.AbstractContextLoader - Could not detect default resource locations for test class [com.example.springboot.ProductsPactTest]: no resource found for suffixes {-context.xml, Context.groovy}.
    12:11:28.230 [Test worker] INFO org.springframework.test.context.support.AnnotationConfigContextLoaderUtils - Could not detect default configuration classes for test class [com.example.springboot.ProductsPactTest]: ProductsPactTest does not declare any static, non-private, non-final, nested classes annotated with @Configuration.
    12:11:28.270 [Test worker] DEBUG org.springframework.test.context.support.ActiveProfilesUtils - Could not find an 'annotation declaring class' for annotation type [org.springframework.test.context.ActiveProfiles] and class [com.example.springboot.ProductsPactTest]
    12:11:28.331 [Test worker] DEBUG org.springframework.context.annotation.ClassPathScanningCandidateComponentProvider - Identified candidate component class: file [/Users/matthewfellows/development/public/pactflow-example-provider-springboot/build/classes/java/main/com/example/springboot/Application.class]
    12:11:28.346 [Test worker] INFO org.springframework.boot.test.context.SpringBootTestContextBootstrapper - Found @SpringBootConfiguration com.example.springboot.Application for test class com.example.springboot.ProductsPactTest
    12:11:28.443 [Test worker] DEBUG org.springframework.boot.test.context.SpringBootTestContextBootstrapper - @TestExecutionListeners is not present for class [com.example.springboot.ProductsPactTest]: using defaults.
    12:11:28.443 [Test worker] INFO org.springframework.boot.test.context.SpringBootTestContextBootstrapper - Loaded default TestExecutionListener class names from location [META-INF/spring.factories]: [org.springframework.test.context.web.ServletTestExecutionListener, org.springframework.test.context.support.DirtiesContextBeforeModesTestExecutionListener, org.springframework.test.context.support.DependencyInjectionTestExecutionListener, org.springframework.test.context.support.DirtiesContextTestExecutionListener, org.springframework.test.context.transaction.TransactionalTestExecutionListener, org.springframework.test.context.jdbc.SqlScriptsTestExecutionListener, org.springframework.test.context.event.EventPublishingTestExecutionListener, org.springframework.boot.test.autoconfigure.restdocs.RestDocsTestExecutionListener, org.springframework.boot.test.autoconfigure.web.client.MockRestServiceServerResetTestExecutionListener, org.springframework.boot.test.autoconfigure.web.servlet.MockMvcPrintOnlyOnFailureTestExecutionListener, org.springframework.boot.test.autoconfigure.web.servlet.WebDriverTestExecutionListener, org.springframework.boot.test.mock.mockito.MockitoTestExecutionListener, org.springframework.boot.test.mock.mockito.ResetMocksTestExecutionListener]
    12:11:28.461 [Test worker] INFO org.springframework.boot.test.context.SpringBootTestContextBootstrapper - Using TestExecutionListeners: [org.springframework.test.context.web.ServletTestExecutionListener@12411be9, org.springframework.test.context.support.DirtiesContextBeforeModesTestExecutionListener@736d114d, org.springframework.boot.test.mock.mockito.MockitoTestExecutionListener@2a78ec36, org.springframework.boot.test.autoconfigure.SpringBootDependencyInjectionTestExecutionListener@36f89d92, org.springframework.test.context.support.DirtiesContextTestExecutionListener@2cfc46f7, org.springframework.test.context.transaction.TransactionalTestExecutionListener@3780dd5c, org.springframework.test.context.jdbc.SqlScriptsTestExecutionListener@5a748ec6, org.springframework.test.context.event.EventPublishingTestExecutionListener@28129c17, org.springframework.boot.test.autoconfigure.restdocs.RestDocsTestExecutionListener@6617ac1c, org.springframework.boot.test.autoconfigure.web.client.MockRestServiceServerResetTestExecutionListener@57cce7bf, org.springframework.boot.test.autoconfigure.web.servlet.MockMvcPrintOnlyOnFailureTestExecutionListener@2930513e, org.springframework.boot.test.autoconfigure.web.servlet.WebDriverTestExecutionListener@157e922b, org.springframework.boot.test.mock.mockito.ResetMocksTestExecutionListener@4e52abd4]
    12:11:28.463 [Test worker] DEBUG org.springframework.test.context.support.AbstractDirtiesContextTestExecutionListener - Before test class: context [DefaultTestContext@331ac64a testClass = ProductsPactTest, testInstance = [null], testMethod = [null], testException = [null], mergedContextConfiguration = [WebMergedContextConfiguration@7a99c47d testClass = ProductsPactTest, locations = '{}', classes = '{class com.example.springboot.Application}', contextInitializerClasses = '[]', activeProfiles = '{}', propertySourceLocations = '{}', propertySourceProperties = '{org.springframework.boot.test.context.SpringBootTestContextBootstrapper=true}', contextCustomizers = set[org.springframework.boot.test.autoconfigure.properties.PropertyMappingContextCustomizer@0, org.springframework.boot.test.autoconfigure.web.servlet.WebDriverContextCustomizerFactory$Customizer@71e86a8b, org.springframework.boot.test.context.filter.ExcludeFilterContextCustomizer@640a8417, org.springframework.boot.test.json.DuplicateJsonObjectContextCustomizerFactory$DuplicateJsonObjectContextCustomizer@78ecf283, org.springframework.boot.test.mock.mockito.MockitoContextCustomizer@0, org.springframework.boot.test.web.client.TestRestTemplateContextCustomizer@6ef0eca4, org.springframework.boot.test.web.reactive.server.WebTestClientContextCustomizer@2d458acf], resourceBasePath = 'src/main/webapp', contextLoader = 'org.springframework.boot.test.context.SpringBootContextLoader', parent = [null]], attributes = map['org.springframework.test.context.web.ServletTestExecutionListener.activateListener' -> false]], class annotated with @DirtiesContext [false] with mode [null].
    12:11:28.477 [Test worker] DEBUG au.com.dius.pact.provider.junit5.PactVerificationInvocationContextProvider - provideTestTemplateInvocationContexts called
    12:11:28.482 [Test worker] DEBUG au.com.dius.pact.provider.junit5.PactVerificationInvocationContextProvider - Verifying pacts for provider 'pactflow-example-provider-springboot' and consumer 'null'
    12:11:28.482 [Test worker] DEBUG au.com.dius.pact.provider.junit5.PactVerificationInvocationContextProvider - Pact source on test class: null
    12:11:28.744 [Test worker] DEBUG au.com.dius.pact.provider.junit5.PactVerificationInvocationContextProvider - Pact loaders on test class: [@au.com.dius.pact.provider.junitsupport.loader.PactBroker(scheme="https", valueResolver=au.com.dius.pact.core.support.expressions.SystemPropertyResolver.class, port="${pactbroker.port:}", enablePendingPacts="true", host="${PACT_BROKER_HOST}", includeWipPactsSince="${pactbroker.includeWipPactsSince:}", consumers={"${pactbroker.consumers:}"}, consumerVersionSelectors={@au.com.dius.pact.provider.junitsupport.loader.VersionSelector(consumer="${pactbroker.consumers:}", latest="${pactbroker.consumerversionselectors.latest:}", tag="${pactbroker.consumerversionselectors.tags:}")}, providerTags={"master"}, authentication=@au.com.dius.pact.provider.junitsupport.loader.PactBrokerAuth(password="", username="", token="${PACT_BROKER_TOKEN}"), tags={"master", "prod"})]
    12:11:28.755 [Test worker] DEBUG au.com.dius.pact.provider.junitsupport.loader.PactBrokerLoader - Loading pacts from pact broker for provider pactflow-example-provider-springboot and consumer version selectors [ConsumerVersionSelector(tag=master, latest=true, consumer=null), ConsumerVersionSelector(tag=prod, latest=true, consumer=null)]
    12:11:28.758 [Test worker] DEBUG au.com.dius.pact.provider.junitsupport.loader.PactBrokerLoader - Authentication: Bearer
    12:11:28.765 [Test worker] DEBUG au.com.dius.pact.core.pactbroker.HalClient - Fetching: /
    12:11:28.965 [Test worker] DEBUG org.apache.http.client.protocol.RequestAddCookies - CookieSpec selected: default
    12:11:28.971 [Test worker] DEBUG org.apache.http.client.protocol.RequestAuthCache - Auth cache not set in the context
    12:11:28.972 [Test worker] DEBUG org.apache.http.impl.conn.PoolingHttpClientConnectionManager - Connection request: [route: {s}->https://testdemo.pactflow.io:443][total kept alive: 0; route allocated: 0 of 5; total allocated: 0 of 10]
    12:11:28.981 [Test worker] DEBUG org.apache.http.impl.conn.PoolingHttpClientConnectionManager - Connection leased: [id: 0][route: {s}->https://testdemo.pactflow.io:443][total kept alive: 0; route allocated: 1 of 5; total allocated: 1 of 10]
    12:11:28.982 [Test worker] DEBUG org.apache.http.impl.execchain.MainClientExec - Opening connection {s}->https://testdemo.pactflow.io:443
    12:11:29.025 [Test worker] DEBUG org.apache.http.impl.conn.DefaultHttpClientConnectionOperator - Connecting to testdemo.pactflow.io/54.253.19.106:443
    12:11:29.025 [Test worker] DEBUG org.apache.http.conn.ssl.SSLConnectionSocketFactory - Connecting socket to testdemo.pactflow.io/54.253.19.106:443 with timeout 0
    12:11:29.068 [Test worker] DEBUG org.apache.http.conn.ssl.SSLConnectionSocketFactory - Enabled protocols: [TLSv1.3, TLSv1.2, TLSv1.1, TLSv1]
    12:11:29.068 [Test worker] DEBUG org.apache.http.conn.ssl.SSLConnectionSocketFactory - Enabled cipher suites:[TLS_AES_128_GCM_SHA256, TLS_AES_256_GCM_SHA384, TLS_ECDHE_ECDSA_WITH_AES_256_GCM_SHA384, TLS_ECDHE_ECDSA_WITH_AES_128_GCM_SHA256, TLS_ECDHE_RSA_WITH_AES_256_GCM_SHA384, TLS_RSA_WITH_AES_256_GCM_SHA384, TLS_ECDH_ECDSA_WITH_AES_256_GCM_SHA384, TLS_ECDH_RSA_WITH_AES_256_GCM_SHA384, TLS_DHE_RSA_WITH_AES_256_GCM_SHA384, TLS_DHE_DSS_WITH_AES_256_GCM_SHA384, TLS_ECDHE_RSA_WITH_AES_128_GCM_SHA256, TLS_RSA_WITH_AES_128_GCM_SHA256, TLS_ECDH_ECDSA_WITH_AES_128_GCM_SHA256, TLS_ECDH_RSA_WITH_AES_128_GCM_SHA256, TLS_DHE_RSA_WITH_AES_128_GCM_SHA256, TLS_DHE_DSS_WITH_AES_128_GCM_SHA256, TLS_ECDHE_ECDSA_WITH_AES_256_CBC_SHA384, TLS_ECDHE_RSA_WITH_AES_256_CBC_SHA384, TLS_RSA_WITH_AES_256_CBC_SHA256, TLS_ECDH_ECDSA_WITH_AES_256_CBC_SHA384, TLS_ECDH_RSA_WITH_AES_256_CBC_SHA384, TLS_DHE_RSA_WITH_AES_256_CBC_SHA256, TLS_DHE_DSS_WITH_AES_256_CBC_SHA256, TLS_ECDHE_ECDSA_WITH_AES_256_CBC_SHA, TLS_ECDHE_RSA_WITH_AES_256_CBC_SHA, TLS_RSA_WITH_AES_256_CBC_SHA, TLS_ECDH_ECDSA_WITH_AES_256_CBC_SHA, TLS_ECDH_RSA_WITH_AES_256_CBC_SHA, TLS_DHE_RSA_WITH_AES_256_CBC_SHA, TLS_DHE_DSS_WITH_AES_256_CBC_SHA, TLS_ECDHE_ECDSA_WITH_AES_128_CBC_SHA256, TLS_ECDHE_RSA_WITH_AES_128_CBC_SHA256, TLS_RSA_WITH_AES_128_CBC_SHA256, TLS_ECDH_ECDSA_WITH_AES_128_CBC_SHA256, TLS_ECDH_RSA_WITH_AES_128_CBC_SHA256, TLS_DHE_RSA_WITH_AES_128_CBC_SHA256, TLS_DHE_DSS_WITH_AES_128_CBC_SHA256, TLS_ECDHE_ECDSA_WITH_AES_128_CBC_SHA, TLS_ECDHE_RSA_WITH_AES_128_CBC_SHA, TLS_RSA_WITH_AES_128_CBC_SHA, TLS_ECDH_ECDSA_WITH_AES_128_CBC_SHA, TLS_ECDH_RSA_WITH_AES_128_CBC_SHA, TLS_DHE_RSA_WITH_AES_128_CBC_SHA, TLS_DHE_DSS_WITH_AES_128_CBC_SHA, TLS_EMPTY_RENEGOTIATION_INFO_SCSV]
    12:11:29.069 [Test worker] DEBUG org.apache.http.conn.ssl.SSLConnectionSocketFactory - Starting handshake
    12:11:29.189 [Test worker] DEBUG org.apache.http.conn.ssl.SSLConnectionSocketFactory - Secure session established
    12:11:29.190 [Test worker] DEBUG org.apache.http.conn.ssl.SSLConnectionSocketFactory -  negotiated protocol: TLSv1.2
    12:11:29.190 [Test worker] DEBUG org.apache.http.conn.ssl.SSLConnectionSocketFactory -  negotiated cipher suite: TLS_ECDHE_RSA_WITH_AES_128_GCM_SHA256
    12:11:29.190 [Test worker] DEBUG org.apache.http.conn.ssl.SSLConnectionSocketFactory -  peer principal: CN=*.pact.dius.com.au
    12:11:29.190 [Test worker] DEBUG org.apache.http.conn.ssl.SSLConnectionSocketFactory -  peer alternative names: [*.pact.dius.com.au, *.pactflow.io]
    12:11:29.190 [Test worker] DEBUG org.apache.http.conn.ssl.SSLConnectionSocketFactory -  issuer principal: CN=Amazon, OU=Server CA 1B, O=Amazon, C=US
    12:11:29.192 [Test worker] DEBUG org.apache.http.impl.conn.DefaultHttpClientConnectionOperator - Connection established 192.168.1.37:59480<->54.253.19.106:443
    12:11:29.192 [Test worker] DEBUG org.apache.http.impl.execchain.MainClientExec - Executing request GET / HTTP/1.1
    12:11:29.192 [Test worker] DEBUG org.apache.http.impl.execchain.MainClientExec - Proxy auth state: UNCHALLENGED
    12:11:29.193 [Test worker] DEBUG org.apache.http.headers - http-outgoing-0 >> GET / HTTP/1.1
    12:11:29.193 [Test worker] DEBUG org.apache.http.headers - http-outgoing-0 >> Authorization: Bearer 6Iv1kQemRvsYJ_65iqvE_g
    12:11:29.193 [Test worker] DEBUG org.apache.http.headers - http-outgoing-0 >> Content-Type: application/json
    12:11:29.193 [Test worker] DEBUG org.apache.http.headers - http-outgoing-0 >> Accept: application/hal+json, application/json
    12:11:29.194 [Test worker] DEBUG org.apache.http.headers - http-outgoing-0 >> Host: testdemo.pactflow.io
    12:11:29.194 [Test worker] DEBUG org.apache.http.headers - http-outgoing-0 >> Connection: Keep-Alive
    12:11:29.194 [Test worker] DEBUG org.apache.http.headers - http-outgoing-0 >> User-Agent: Apache-HttpClient/4.5.10 (Java/11)
    12:11:29.194 [Test worker] DEBUG org.apache.http.headers - http-outgoing-0 >> Accept-Encoding: gzip,deflate
    12:11:29.194 [Test worker] DEBUG org.apache.http.wire - http-outgoing-0 >> "GET / HTTP/1.1[\r][\n]"
    12:11:29.194 [Test worker] DEBUG org.apache.http.wire - http-outgoing-0 >> "Authorization: Bearer 6Iv1kQemRvsYJ_65iqvE_g[\r][\n]"
    12:11:29.194 [Test worker] DEBUG org.apache.http.wire - http-outgoing-0 >> "Content-Type: application/json[\r][\n]"
    12:11:29.194 [Test worker] DEBUG org.apache.http.wire - http-outgoing-0 >> "Accept: application/hal+json, application/json[\r][\n]"
    12:11:29.194 [Test worker] DEBUG org.apache.http.wire - http-outgoing-0 >> "Host: testdemo.pactflow.io[\r][\n]"
    12:11:29.196 [Test worker] DEBUG org.apache.http.wire - http-outgoing-0 >> "Connection: Keep-Alive[\r][\n]"
    12:11:29.196 [Test worker] DEBUG org.apache.http.wire - http-outgoing-0 >> "User-Agent: Apache-HttpClient/4.5.10 (Java/11)[\r][\n]"
    12:11:29.196 [Test worker] DEBUG org.apache.http.wire - http-outgoing-0 >> "Accept-Encoding: gzip,deflate[\r][\n]"
    12:11:29.196 [Test worker] DEBUG org.apache.http.wire - http-outgoing-0 >> "[\r][\n]"
    12:11:29.335 [Test worker] DEBUG org.apache.http.wire - http-outgoing-0 << "HTTP/1.1 200 OK[\r][\n]"
    12:11:29.335 [Test worker] DEBUG org.apache.http.wire - http-outgoing-0 << "Date: Tue, 08 Dec 2020 01:11:29 GMT[\r][\n]"
    12:11:29.335 [Test worker] DEBUG org.apache.http.wire - http-outgoing-0 << "Content-Type: application/hal+json;charset=utf-8[\r][\n]"
    12:11:29.335 [Test worker] DEBUG org.apache.http.wire - http-outgoing-0 << "Content-Length: 4333[\r][\n]"
    12:11:29.335 [Test worker] DEBUG org.apache.http.wire - http-outgoing-0 << "Connection: keep-alive[\r][\n]"
    12:11:29.335 [Test worker] DEBUG org.apache.http.wire - http-outgoing-0 << "Vary: Accept[\r][\n]"
    12:11:29.335 [Test worker] DEBUG org.apache.http.wire - http-outgoing-0 << "Server: Webmachine-Ruby/1.5.0 Rack/1.3[\r][\n]"
    12:11:29.335 [Test worker] DEBUG org.apache.http.wire - http-outgoing-0 << "X-Pact-Broker-Version: 2.72.0[\r][\n]"
    12:11:29.335 [Test worker] DEBUG org.apache.http.wire - http-outgoing-0 << "X-Pact-Broker-Git-Sha: a560ce6d[\r][\n]"
    12:11:29.335 [Test worker] DEBUG org.apache.http.wire - http-outgoing-0 << "X-Pactflow-Git-Sha: 8d70ff64[\r][\n]"
    12:11:29.335 [Test worker] DEBUG org.apache.http.wire - http-outgoing-0 << "X-Content-Type-Options: nosniff[\r][\n]"
    12:11:29.335 [Test worker] DEBUG org.apache.http.wire - http-outgoing-0 << "X-Request-Id: 3b544e61f287bdbbe085f15ea4f787a4[\r][\n]"
    12:11:29.335 [Test worker] DEBUG org.apache.http.wire - http-outgoing-0 << "[\r][\n]"
    12:11:29.336 [Test worker] DEBUG org.apache.http.wire - http-outgoing-0 << "{"_links":{"self":{"href":"https://testdemo.pactflow.io","title":"Index","templated":false},"pb:publish-pact":{"href":"https://testdemo.pactflow.io/pacts/provider/{provider}/consumer/{consumer}/version/{consumerApplicationVersion}","title":"Publish a pact","templated":true},"pb:latest-pact-versions":{"href":"https://testdemo.pactflow.io/pacts/latest","title":"Latest pact versions","templated":false},"pb:tagged-pact-versions":{"href":"https://testdemo.pactflow.io/pacts/provider/{provider}/consumer/{consumer}/tag/{tag}","title":"All versions of a pact for a given consumer, provider and consumer version tag","templated":false},"pb:pacticipants":{"href":"https://testdemo.pactflow.io/pacticipants","title":"Pacticipants","templated":false},"pb:pacticipant":{"href":"https://testdemo.pactflow.io/pacticipants/{pacticipant}","title":"Fetch pacticipant by name","templated":true},"pb:latest-provider-pacts":{"href":"https://testdemo.pactflow.io/pacts/provider/{provider}/latest","title":"Latest pacts by provider","templated":true},"pb:latest-provider-pacts-with-tag":{"href":"https://testdemo.pactflow.io/pacts/provider/{provider}/latest/{tag}","title":"Latest pacts for provider with the specified tag","templated":true},"pb:provider-pacts-with-tag":{"href":"https://testdemo.pactflow.io/pacts/provider/{provider}/tag/{tag}","title":"All pact versions for the provider with the specified consumer version tag","templated":true},"pb:provider-pacts":{"href":"https://testdemo.pactflow.io/pacts/provider/{provider}","title":"All pact versions for the specified provider","templated":true},"pb:latest-version":{"href":"https://testdemo.pactflow.io/pacticipants/{pacticipant}/latest-version","title":"Latest pacticipant version","templated":true},"pb:latest-tagged-version":{"href":"https://testdemo.pactflow.io/pacticipants/{pacticipant}/latest-version/{tag}","title":"Latest pacticipant version with the specified tag","templated":true},"pb:webhooks":{"href":"https://testdemo.pactflow.io/webhooks","title":"Webhooks","templated":false},"pb:webhook":{"href":"https://testdemo.pactflow.io/webhooks/{uuid}","title":"Webhook","templated":true},"pb:integrations":{"href":"https://testdemo.pactflow.io/integrations","title":"Integrations","templated":false},"pb:pacticipant-version-tag":{"href":"https://testdemo.pactflow.io/pacticipants/{pacticipant}/versions/{version}/tags/{tag}","title":"Get, create or delete a tag for a pacticipant version","templated":true},"pb:metrics":{"href":"https://testdemo.pactflow.io/metrics","title":"Get Pact Broker metrics"},"pb:can-i-deploy-pacticipant-version-to-tag":{"href":"https://testdemo.pactflow.io/can-i-deploy?pacticipant={pacticipant}\u0026version={version}\u0026to={tag}","title":"Determine if an application can be safely deployed to an environment identified by the given tag","templated":true},"pb:provider-pacts-for-verification":{"href":"https://testdemo.pactflow.io/pacts/provider/{provider}/for-verification","title":"Pact versions to be verified for the specified provider","templated":true},"beta:provider-pacts-for-verification":{"name":"beta","href":"https://testdemo.pactflow.io/pacts/provider/{provider}/for-verification","title":"DEPRECATED - please use pb:provider-pacts-for-verification","templated":true},"curies":[{"name":"pb","href":"https://testdemo.pactflow.io/doc/{rel}?context=index","templated":true},{"name":"beta","href":"https://testdemo.pactflow.io/doc/{rel}?context=index","templated":true}],"pb:api-tokens":{"href":"https://testdemo.pactflow.io/settings/tokens","title":"API tokens","templated":false},"pb:audit":{"href":"https://testdemo.pactflow.io/audit","title":"Audit trail","templated":false},"pb:secrets":{"href":"https://testdemo.pactflow.io/secrets","title":"Secrets","templated":false},"pf:admin-users":{"href":"https://testdemo.pactflow.io/admin/users","title":"Users","templated":false},"pf:admin-teams":{"href":"https://testdemo.pactflow.io/admin/teams","title":"Teams","templated":false},"pf:admin-system-accounts":{"href":"https://testdemo.pactflow.io/admin/system-accounts","title":"System accounts","templated":false},"pf:admin-roles":{"href":"https://testdemo.pactflow.io/admin/roles","title":"Roles","templated":false},"pf:admin-permissions":{"href":"https://testdemo.pactflow.io/admin/permissions","title":"Permissions","templated":false}}}"
    12:11:29.338 [Test worker] DEBUG org.apache.http.headers - http-outgoing-0 << HTTP/1.1 200 OK
    12:11:29.338 [Test worker] DEBUG org.apache.http.headers - http-outgoing-0 << Date: Tue, 08 Dec 2020 01:11:29 GMT
    12:11:29.338 [Test worker] DEBUG org.apache.http.headers - http-outgoing-0 << Content-Type: application/hal+json;charset=utf-8
    12:11:29.338 [Test worker] DEBUG org.apache.http.headers - http-outgoing-0 << Content-Length: 4333
    12:11:29.338 [Test worker] DEBUG org.apache.http.headers - http-outgoing-0 << Connection: keep-alive
    12:11:29.338 [Test worker] DEBUG org.apache.http.headers - http-outgoing-0 << Vary: Accept
    12:11:29.338 [Test worker] DEBUG org.apache.http.headers - http-outgoing-0 << Server: Webmachine-Ruby/1.5.0 Rack/1.3
    12:11:29.338 [Test worker] DEBUG org.apache.http.headers - http-outgoing-0 << X-Pact-Broker-Version: 2.72.0
    12:11:29.338 [Test worker] DEBUG org.apache.http.headers - http-outgoing-0 << X-Pact-Broker-Git-Sha: a560ce6d
    12:11:29.338 [Test worker] DEBUG org.apache.http.headers - http-outgoing-0 << X-Pactflow-Git-Sha: 8d70ff64
    12:11:29.338 [Test worker] DEBUG org.apache.http.headers - http-outgoing-0 << X-Content-Type-Options: nosniff
    12:11:29.338 [Test worker] DEBUG org.apache.http.headers - http-outgoing-0 << X-Request-Id: 3b544e61f287bdbbe085f15ea4f787a4
    12:11:29.341 [Test worker] DEBUG org.apache.http.impl.execchain.MainClientExec - Connection can be kept alive indefinitely
    12:11:29.346 [Test worker] DEBUG org.apache.http.impl.conn.PoolingHttpClientConnectionManager - Connection [id: 0][route: {s}->https://testdemo.pactflow.io:443] can be kept alive indefinitely
    12:11:29.346 [Test worker] DEBUG org.apache.http.impl.conn.DefaultManagedHttpClientConnection - http-outgoing-0: set socket timeout to 0
    12:11:29.346 [Test worker] DEBUG org.apache.http.impl.conn.PoolingHttpClientConnectionManager - Connection released: [id: 0][route: {s}->https://testdemo.pactflow.io:443][total kept alive: 1; route allocated: 1 of 5; total allocated: 1 of 10]
    12:11:29.373 [Test worker] DEBUG org.apache.http.client.protocol.RequestAddCookies - CookieSpec selected: default
    12:11:29.373 [Test worker] DEBUG org.apache.http.client.protocol.RequestAuthCache - Auth cache not set in the context
    12:11:29.374 [Test worker] DEBUG org.apache.http.impl.conn.PoolingHttpClientConnectionManager - Connection request: [route: {s}->https://testdemo.pactflow.io:443][total kept alive: 1; route allocated: 1 of 5; total allocated: 1 of 10]
    12:11:29.374 [Test worker] DEBUG org.apache.http.impl.conn.PoolingHttpClientConnectionManager - Connection leased: [id: 0][route: {s}->https://testdemo.pactflow.io:443][total kept alive: 0; route allocated: 1 of 5; total allocated: 1 of 10]
    12:11:29.374 [Test worker] DEBUG org.apache.http.impl.conn.DefaultManagedHttpClientConnection - http-outgoing-0: set socket timeout to 0
    12:11:29.374 [Test worker] DEBUG org.apache.http.impl.execchain.MainClientExec - Executing request POST /pacts/provider/pactflow-example-provider-springboot/for-verification HTTP/1.1
    12:11:29.374 [Test worker] DEBUG org.apache.http.impl.execchain.MainClientExec - Proxy auth state: UNCHALLENGED
    12:11:29.374 [Test worker] DEBUG org.apache.http.headers - http-outgoing-0 >> POST /pacts/provider/pactflow-example-provider-springboot/for-verification HTTP/1.1
    12:11:29.374 [Test worker] DEBUG org.apache.http.headers - http-outgoing-0 >> Authorization: Bearer 6Iv1kQemRvsYJ_65iqvE_g
    12:11:29.374 [Test worker] DEBUG org.apache.http.headers - http-outgoing-0 >> Content-Type: application/json; charset=UTF-8
    12:11:29.374 [Test worker] DEBUG org.apache.http.headers - http-outgoing-0 >> Accept: application/hal+json, application/json
    12:11:29.375 [Test worker] DEBUG org.apache.http.headers - http-outgoing-0 >> Content-Length: 151
    12:11:29.375 [Test worker] DEBUG org.apache.http.headers - http-outgoing-0 >> Host: testdemo.pactflow.io
    12:11:29.375 [Test worker] DEBUG org.apache.http.headers - http-outgoing-0 >> Connection: Keep-Alive
    12:11:29.375 [Test worker] DEBUG org.apache.http.headers - http-outgoing-0 >> User-Agent: Apache-HttpClient/4.5.10 (Java/11)
    12:11:29.375 [Test worker] DEBUG org.apache.http.headers - http-outgoing-0 >> Accept-Encoding: gzip,deflate
    12:11:29.375 [Test worker] DEBUG org.apache.http.wire - http-outgoing-0 >> "POST /pacts/provider/pactflow-example-provider-springboot/for-verification HTTP/1.1[\r][\n]"
    12:11:29.375 [Test worker] DEBUG org.apache.http.wire - http-outgoing-0 >> "Authorization: Bearer 6Iv1kQemRvsYJ_65iqvE_g[\r][\n]"
    12:11:29.375 [Test worker] DEBUG org.apache.http.wire - http-outgoing-0 >> "Content-Type: application/json; charset=UTF-8[\r][\n]"
    12:11:29.375 [Test worker] DEBUG org.apache.http.wire - http-outgoing-0 >> "Accept: application/hal+json, application/json[\r][\n]"
    12:11:29.375 [Test worker] DEBUG org.apache.http.wire - http-outgoing-0 >> "Content-Length: 151[\r][\n]"
    12:11:29.375 [Test worker] DEBUG org.apache.http.wire - http-outgoing-0 >> "Host: testdemo.pactflow.io[\r][\n]"
    12:11:29.375 [Test worker] DEBUG org.apache.http.wire - http-outgoing-0 >> "Connection: Keep-Alive[\r][\n]"
    12:11:29.376 [Test worker] DEBUG org.apache.http.wire - http-outgoing-0 >> "User-Agent: Apache-HttpClient/4.5.10 (Java/11)[\r][\n]"
    12:11:29.376 [Test worker] DEBUG org.apache.http.wire - http-outgoing-0 >> "Accept-Encoding: gzip,deflate[\r][\n]"
    12:11:29.376 [Test worker] DEBUG org.apache.http.wire - http-outgoing-0 >> "[\r][\n]"
    12:11:29.376 [Test worker] DEBUG org.apache.http.wire - http-outgoing-0 >> "{"consumerVersionSelectors":[{"latest":true,"tag":"master"},{"latest":true,"tag":"prod"}],"includePendingStatus":true,"providerVersionTags":["master"]}"
    12:11:29.573 [Test worker] DEBUG org.apache.http.wire - http-outgoing-0 << "HTTP/1.1 200 OK[\r][\n]"
    12:11:29.573 [Test worker] DEBUG org.apache.http.wire - http-outgoing-0 << "Date: Tue, 08 Dec 2020 01:11:29 GMT[\r][\n]"
    12:11:29.573 [Test worker] DEBUG org.apache.http.wire - http-outgoing-0 << "Content-Type: application/hal+json;charset=utf-8[\r][\n]"
    12:11:29.574 [Test worker] DEBUG org.apache.http.wire - http-outgoing-0 << "Content-Length: 1284[\r][\n]"
    12:11:29.574 [Test worker] DEBUG org.apache.http.wire - http-outgoing-0 << "Connection: keep-alive[\r][\n]"
    12:11:29.574 [Test worker] DEBUG org.apache.http.wire - http-outgoing-0 << "Vary: Accept[\r][\n]"
    12:11:29.574 [Test worker] DEBUG org.apache.http.wire - http-outgoing-0 << "Server: Webmachine-Ruby/1.5.0 Rack/1.3[\r][\n]"
    12:11:29.574 [Test worker] DEBUG org.apache.http.wire - http-outgoing-0 << "X-Pact-Broker-Version: 2.72.0[\r][\n]"
    12:11:29.574 [Test worker] DEBUG org.apache.http.wire - http-outgoing-0 << "X-Pact-Broker-Git-Sha: a560ce6d[\r][\n]"
    12:11:29.575 [Test worker] DEBUG org.apache.http.wire - http-outgoing-0 << "X-Pactflow-Git-Sha: 8d70ff64[\r][\n]"
    12:11:29.575 [Test worker] DEBUG org.apache.http.wire - http-outgoing-0 << "X-Content-Type-Options: nosniff[\r][\n]"
    12:11:29.575 [Test worker] DEBUG org.apache.http.wire - http-outgoing-0 << "X-Request-Id: d3ba64708db5ba0a9acac175b94aaab8[\r][\n]"
    12:11:29.575 [Test worker] DEBUG org.apache.http.wire - http-outgoing-0 << "[\r][\n]"
    12:11:29.576 [Test worker] DEBUG org.apache.http.wire - http-outgoing-0 << "{"_embedded":{"pacts":[{"shortDescription":"latest master, latest prod","verificationProperties":{"pending":false,"notices":[{"when":"before_verification","text":"The pact at https://testdemo.pactflow.io/pacts/provider/pactflow-example-provider-springboot/consumer/pactflow-example-consumer/pact-version/4a6c2017e4f913c5b18ee0b526eae842567bf489 is being verified because it matches the following configured selection criteria: latest pact for a consumer version tagged 'master', latest pact for a consumer version tagged 'prod' (both have the same content)"},{"when":"before_verification","text":"This pact has previously been successfully verified by a version of pactflow-example-provider-springboot with tag 'master'. If this verification fails, it will fail the build. Read more at https://pact.io/pending"}]},"_links":{"self":{"href":"https://testdemo.pactflow.io/pacts/provider/pactflow-example-provider-springboot/consumer/pactflow-example-consumer/pact-version/4a6c2017e4f913c5b18ee0b526eae842567bf489","name":"Pact between pactflow-example-consumer (239aa50+1607297182) and pactflow-example-provider-springboot"}}}]},"_links":{"self":{"href":"https://testdemo.pactflow.io/pacts/provider/pactflow-example-provider-springboot/for-verification","title":"Pacts to be verified"}}}"
    12:11:29.576 [Test worker] DEBUG org.apache.http.headers - http-outgoing-0 << HTTP/1.1 200 OK
    12:11:29.576 [Test worker] DEBUG org.apache.http.headers - http-outgoing-0 << Date: Tue, 08 Dec 2020 01:11:29 GMT
    12:11:29.576 [Test worker] DEBUG org.apache.http.headers - http-outgoing-0 << Content-Type: application/hal+json;charset=utf-8
    12:11:29.577 [Test worker] DEBUG org.apache.http.headers - http-outgoing-0 << Content-Length: 1284
    12:11:29.577 [Test worker] DEBUG org.apache.http.headers - http-outgoing-0 << Connection: keep-alive
    12:11:29.577 [Test worker] DEBUG org.apache.http.headers - http-outgoing-0 << Vary: Accept
    12:11:29.577 [Test worker] DEBUG org.apache.http.headers - http-outgoing-0 << Server: Webmachine-Ruby/1.5.0 Rack/1.3
    12:11:29.577 [Test worker] DEBUG org.apache.http.headers - http-outgoing-0 << X-Pact-Broker-Version: 2.72.0
    12:11:29.577 [Test worker] DEBUG org.apache.http.headers - http-outgoing-0 << X-Pact-Broker-Git-Sha: a560ce6d
    12:11:29.577 [Test worker] DEBUG org.apache.http.headers - http-outgoing-0 << X-Pactflow-Git-Sha: 8d70ff64
    12:11:29.577 [Test worker] DEBUG org.apache.http.headers - http-outgoing-0 << X-Content-Type-Options: nosniff
    12:11:29.577 [Test worker] DEBUG org.apache.http.headers - http-outgoing-0 << X-Request-Id: d3ba64708db5ba0a9acac175b94aaab8
    12:11:29.578 [Test worker] DEBUG org.apache.http.impl.execchain.MainClientExec - Connection can be kept alive indefinitely
    12:11:29.578 [Test worker] DEBUG org.apache.http.impl.conn.PoolingHttpClientConnectionManager - Connection [id: 0][route: {s}->https://testdemo.pactflow.io:443] can be kept alive indefinitely
    12:11:29.578 [Test worker] DEBUG org.apache.http.impl.conn.DefaultManagedHttpClientConnection - http-outgoing-0: set socket timeout to 0
    12:11:29.578 [Test worker] DEBUG org.apache.http.impl.conn.PoolingHttpClientConnectionManager - Connection released: [id: 0][route: {s}->https://testdemo.pactflow.io:443][total kept alive: 1; route allocated: 1 of 5; total allocated: 1 of 10]
    12:11:29.585 [Test worker] DEBUG au.com.dius.pact.core.pactbroker.HalClient - Fetching: https://testdemo.pactflow.io/pacts/provider/pactflow-example-provider-springboot/consumer/pactflow-example-consumer/pact-version/4a6c2017e4f913c5b18ee0b526eae842567bf489
    12:11:29.586 [Test worker] DEBUG org.apache.http.client.protocol.RequestAddCookies - CookieSpec selected: default
    12:11:29.586 [Test worker] DEBUG org.apache.http.client.protocol.RequestAuthCache - Auth cache not set in the context
    12:11:29.586 [Test worker] DEBUG org.apache.http.impl.conn.PoolingHttpClientConnectionManager - Connection request: [route: {s}->https://testdemo.pactflow.io:443][total kept alive: 0; route allocated: 0 of 5; total allocated: 0 of 10]
    12:11:29.586 [Test worker] DEBUG org.apache.http.impl.conn.PoolingHttpClientConnectionManager - Connection leased: [id: 1][route: {s}->https://testdemo.pactflow.io:443][total kept alive: 0; route allocated: 1 of 5; total allocated: 1 of 10]
    12:11:29.587 [Test worker] DEBUG org.apache.http.impl.execchain.MainClientExec - Opening connection {s}->https://testdemo.pactflow.io:443
    12:11:29.587 [Test worker] DEBUG org.apache.http.impl.conn.DefaultHttpClientConnectionOperator - Connecting to testdemo.pactflow.io/54.253.19.106:443
    12:11:29.587 [Test worker] DEBUG org.apache.http.conn.ssl.SSLConnectionSocketFactory - Connecting socket to testdemo.pactflow.io/54.253.19.106:443 with timeout 0
    12:11:29.609 [Test worker] DEBUG org.apache.http.conn.ssl.SSLConnectionSocketFactory - Enabled protocols: [TLSv1.3, TLSv1.2, TLSv1.1, TLSv1]
    12:11:29.610 [Test worker] DEBUG org.apache.http.conn.ssl.SSLConnectionSocketFactory - Enabled cipher suites:[TLS_AES_128_GCM_SHA256, TLS_AES_256_GCM_SHA384, TLS_ECDHE_ECDSA_WITH_AES_256_GCM_SHA384, TLS_ECDHE_ECDSA_WITH_AES_128_GCM_SHA256, TLS_ECDHE_RSA_WITH_AES_256_GCM_SHA384, TLS_RSA_WITH_AES_256_GCM_SHA384, TLS_ECDH_ECDSA_WITH_AES_256_GCM_SHA384, TLS_ECDH_RSA_WITH_AES_256_GCM_SHA384, TLS_DHE_RSA_WITH_AES_256_GCM_SHA384, TLS_DHE_DSS_WITH_AES_256_GCM_SHA384, TLS_ECDHE_RSA_WITH_AES_128_GCM_SHA256, TLS_RSA_WITH_AES_128_GCM_SHA256, TLS_ECDH_ECDSA_WITH_AES_128_GCM_SHA256, TLS_ECDH_RSA_WITH_AES_128_GCM_SHA256, TLS_DHE_RSA_WITH_AES_128_GCM_SHA256, TLS_DHE_DSS_WITH_AES_128_GCM_SHA256, TLS_ECDHE_ECDSA_WITH_AES_256_CBC_SHA384, TLS_ECDHE_RSA_WITH_AES_256_CBC_SHA384, TLS_RSA_WITH_AES_256_CBC_SHA256, TLS_ECDH_ECDSA_WITH_AES_256_CBC_SHA384, TLS_ECDH_RSA_WITH_AES_256_CBC_SHA384, TLS_DHE_RSA_WITH_AES_256_CBC_SHA256, TLS_DHE_DSS_WITH_AES_256_CBC_SHA256, TLS_ECDHE_ECDSA_WITH_AES_256_CBC_SHA, TLS_ECDHE_RSA_WITH_AES_256_CBC_SHA, TLS_RSA_WITH_AES_256_CBC_SHA, TLS_ECDH_ECDSA_WITH_AES_256_CBC_SHA, TLS_ECDH_RSA_WITH_AES_256_CBC_SHA, TLS_DHE_RSA_WITH_AES_256_CBC_SHA, TLS_DHE_DSS_WITH_AES_256_CBC_SHA, TLS_ECDHE_ECDSA_WITH_AES_128_CBC_SHA256, TLS_ECDHE_RSA_WITH_AES_128_CBC_SHA256, TLS_RSA_WITH_AES_128_CBC_SHA256, TLS_ECDH_ECDSA_WITH_AES_128_CBC_SHA256, TLS_ECDH_RSA_WITH_AES_128_CBC_SHA256, TLS_DHE_RSA_WITH_AES_128_CBC_SHA256, TLS_DHE_DSS_WITH_AES_128_CBC_SHA256, TLS_ECDHE_ECDSA_WITH_AES_128_CBC_SHA, TLS_ECDHE_RSA_WITH_AES_128_CBC_SHA, TLS_RSA_WITH_AES_128_CBC_SHA, TLS_ECDH_ECDSA_WITH_AES_128_CBC_SHA, TLS_ECDH_RSA_WITH_AES_128_CBC_SHA, TLS_DHE_RSA_WITH_AES_128_CBC_SHA, TLS_DHE_DSS_WITH_AES_128_CBC_SHA, TLS_EMPTY_RENEGOTIATION_INFO_SCSV]
    12:11:29.610 [Test worker] DEBUG org.apache.http.conn.ssl.SSLConnectionSocketFactory - Starting handshake
    12:11:29.673 [Test worker] DEBUG org.apache.http.conn.ssl.SSLConnectionSocketFactory - Secure session established
    12:11:29.673 [Test worker] DEBUG org.apache.http.conn.ssl.SSLConnectionSocketFactory -  negotiated protocol: TLSv1.2
    12:11:29.673 [Test worker] DEBUG org.apache.http.conn.ssl.SSLConnectionSocketFactory -  negotiated cipher suite: TLS_ECDHE_RSA_WITH_AES_128_GCM_SHA256
    12:11:29.673 [Test worker] DEBUG org.apache.http.conn.ssl.SSLConnectionSocketFactory -  peer principal: CN=*.pact.dius.com.au
    12:11:29.673 [Test worker] DEBUG org.apache.http.conn.ssl.SSLConnectionSocketFactory -  peer alternative names: [*.pact.dius.com.au, *.pactflow.io]
    12:11:29.673 [Test worker] DEBUG org.apache.http.conn.ssl.SSLConnectionSocketFactory -  issuer principal: CN=Amazon, OU=Server CA 1B, O=Amazon, C=US
    12:11:29.673 [Test worker] DEBUG org.apache.http.impl.conn.DefaultHttpClientConnectionOperator - Connection established 192.168.1.37:59481<->54.253.19.106:443
    12:11:29.673 [Test worker] DEBUG org.apache.http.impl.execchain.MainClientExec - Executing request GET /pacts/provider/pactflow-example-provider-springboot/consumer/pactflow-example-consumer/pact-version/4a6c2017e4f913c5b18ee0b526eae842567bf489 HTTP/1.1
    12:11:29.673 [Test worker] DEBUG org.apache.http.impl.execchain.MainClientExec - Proxy auth state: UNCHALLENGED
    12:11:29.674 [Test worker] DEBUG org.apache.http.headers - http-outgoing-1 >> GET /pacts/provider/pactflow-example-provider-springboot/consumer/pactflow-example-consumer/pact-version/4a6c2017e4f913c5b18ee0b526eae842567bf489 HTTP/1.1
    12:11:29.674 [Test worker] DEBUG org.apache.http.headers - http-outgoing-1 >> Authorization: Bearer 6Iv1kQemRvsYJ_65iqvE_g
    12:11:29.674 [Test worker] DEBUG org.apache.http.headers - http-outgoing-1 >> Content-Type: application/json
    12:11:29.674 [Test worker] DEBUG org.apache.http.headers - http-outgoing-1 >> Accept: application/hal+json, application/json
    12:11:29.674 [Test worker] DEBUG org.apache.http.headers - http-outgoing-1 >> Host: testdemo.pactflow.io
    12:11:29.674 [Test worker] DEBUG org.apache.http.headers - http-outgoing-1 >> Connection: Keep-Alive
    12:11:29.674 [Test worker] DEBUG org.apache.http.headers - http-outgoing-1 >> User-Agent: Apache-HttpClient/4.5.10 (Java/11)
    12:11:29.674 [Test worker] DEBUG org.apache.http.headers - http-outgoing-1 >> Accept-Encoding: gzip,deflate
    12:11:29.674 [Test worker] DEBUG org.apache.http.wire - http-outgoing-1 >> "GET /pacts/provider/pactflow-example-provider-springboot/consumer/pactflow-example-consumer/pact-version/4a6c2017e4f913c5b18ee0b526eae842567bf489 HTTP/1.1[\r][\n]"
    12:11:29.674 [Test worker] DEBUG org.apache.http.wire - http-outgoing-1 >> "Authorization: Bearer 6Iv1kQemRvsYJ_65iqvE_g[\r][\n]"
    12:11:29.674 [Test worker] DEBUG org.apache.http.wire - http-outgoing-1 >> "Content-Type: application/json[\r][\n]"
    12:11:29.674 [Test worker] DEBUG org.apache.http.wire - http-outgoing-1 >> "Accept: application/hal+json, application/json[\r][\n]"
    12:11:29.674 [Test worker] DEBUG org.apache.http.wire - http-outgoing-1 >> "Host: testdemo.pactflow.io[\r][\n]"
    12:11:29.674 [Test worker] DEBUG org.apache.http.wire - http-outgoing-1 >> "Connection: Keep-Alive[\r][\n]"
    12:11:29.674 [Test worker] DEBUG org.apache.http.wire - http-outgoing-1 >> "User-Agent: Apache-HttpClient/4.5.10 (Java/11)[\r][\n]"
    12:11:29.674 [Test worker] DEBUG org.apache.http.wire - http-outgoing-1 >> "Accept-Encoding: gzip,deflate[\r][\n]"
    12:11:29.674 [Test worker] DEBUG org.apache.http.wire - http-outgoing-1 >> "[\r][\n]"
    12:11:29.775 [Test worker] DEBUG org.apache.http.wire - http-outgoing-1 << "HTTP/1.1 200 OK[\r][\n]"
    12:11:29.775 [Test worker] DEBUG org.apache.http.wire - http-outgoing-1 << "Date: Tue, 08 Dec 2020 01:11:29 GMT[\r][\n]"
    12:11:29.775 [Test worker] DEBUG org.apache.http.wire - http-outgoing-1 << "Content-Type: application/hal+json;charset=utf-8[\r][\n]"
    12:11:29.775 [Test worker] DEBUG org.apache.http.wire - http-outgoing-1 << "Content-Length: 6510[\r][\n]"
    12:11:29.775 [Test worker] DEBUG org.apache.http.wire - http-outgoing-1 << "Connection: keep-alive[\r][\n]"
    12:11:29.775 [Test worker] DEBUG org.apache.http.wire - http-outgoing-1 << "Vary: Accept[\r][\n]"
    12:11:29.775 [Test worker] DEBUG org.apache.http.wire - http-outgoing-1 << "Server: Webmachine-Ruby/1.5.0 Rack/1.3[\r][\n]"
    12:11:29.775 [Test worker] DEBUG org.apache.http.wire - http-outgoing-1 << "X-Pact-Broker-Version: 2.72.0[\r][\n]"
    12:11:29.775 [Test worker] DEBUG org.apache.http.wire - http-outgoing-1 << "X-Pact-Broker-Git-Sha: a560ce6d[\r][\n]"
    12:11:29.775 [Test worker] DEBUG org.apache.http.wire - http-outgoing-1 << "X-Pactflow-Git-Sha: 8d70ff64[\r][\n]"
    12:11:29.776 [Test worker] DEBUG org.apache.http.wire - http-outgoing-1 << "X-Content-Type-Options: nosniff[\r][\n]"
    12:11:29.776 [Test worker] DEBUG org.apache.http.wire - http-outgoing-1 << "X-Request-Id: 18059f61b7b0d812ab69c2ac8c3a70c1[\r][\n]"
    12:11:29.776 [Test worker] DEBUG org.apache.http.wire - http-outgoing-1 << "[\r][\n]"
    12:11:29.776 [Test worker] DEBUG org.apache.http.wire - http-outgoing-1 << "{"consumer":{"name":"pactflow-example-consumer"},"provider":{"name":"pactflow-example-provider-springboot"},"interactions":[{"_id":"404249f54d348484168670b62849413556edfafc","description":"a request to get a product","providerState":"a product with ID 10 exists","request":{"method":"GET","path":"/product/10","headers":{"Authorization":"Bearer 2019-01-14T11:34:18.045Z"},"matchingRules":{"$.headers.Authorization":{"match":"type"}}},"response":{"status":200,"headers":{"Content-Type":"application/json; charset=utf-8"},"body":{"id":"10","type":"CREDIT_CARD","name":"28 Degrees"},"matchingRules":{"$.headers.Content-Type":{"match":"regex","regex":"application\\/json;?.*"},"$.body":{"match":"type"}}}},{"_id":"ba08b56e3fecb8a49c7f7a2d509d9fe3183a44cf","description":"a request to get a product","providerState":"a product with ID 11 does not exist","request":{"method":"GET","path":"/product/11","headers":{"Authorization":"Bearer 2019-01-14T11:34:18.045Z"},"matchingRules":{"$.headers.Authorization":{"match":"type"}}},"response":{"status":404,"headers":{}}},{"_id":"c2f17b767dc87e687fae00aa6e8c09ffa8b799f4","description":"a request to get all products","providerState":"products exist","request":{"method":"GET","path":"/products","headers":{"Authorization":"Bearer 2019-01-14T11:34:18.045Z"},"matchingRules":{"$.headers.Authorization":{"match":"type"}}},"response":{"status":200,"headers":{"Content-Type":"application/json; charset=utf-8"},"body":[{"id":"10","type":"CREDIT_CARD","name":"28 Degrees"}],"matchingRules":{"$.headers.Content-Type":{"match":"regex","regex":"application\\/json;?.*"},"$.body":{"min":1},"$.body[*].*":{"match":"type"}}}}],"metadata":{"pactSpecification":{"version":"2.0.0"}},"createdAt":"2020-12-06T23:26:35+00:00","_links":{"self":{"title":"Pact","name":"Pact between pactflow-example-consumer (239aa50+1607297182) and pactflow-example-provider-springboot","href":"https://testdemo.pactflow.io/pacts/provider/pactflow-example-provider-springboot/consumer/pactflow-example-consumer/version/239aa50%2B1607297182"},"pb:consumer":{"title":"Consumer","name":"pactflow-example-consumer","href":"https://testdemo.pactflow.io/pacticipants/pactflow-example-consumer"},"pb:consumer-version":{"title":"Consumer version","name":"239aa50+1607297182","href":"https://testdemo.pactflow.io/pacticipants/pactflow-example-consumer/versions/239aa50%2B1607297182"},"pb:provider":{"title":"Provider","name":"pactflow-example-provider-springboot","href":"https://testdemo.pactflow.io/pacticipants/pactflow-example-provider-springboot"},"pb:pact-version":{"title":"Pact content version permalink","name":"4a6c2017e4f913c5b18ee0b526eae842567bf489","href":"https://testdemo.pactflow.io/pacts/provider/pactflow-example-provider-springboot/consumer/pactflow-example-consumer/pact-version/4a6c2017e4f913c5b18ee0b526eae842567bf489"},"pb:latest-pact-version":{"title":"Latest version of this pact","href":"https://testdemo.pactflow.io/pacts/provider/pactflow-example-provider-springboot/consumer/pactflow-example-consumer/latest"},"pb:all-pact-versions":{"title":"All versions of this pact","href":"https://testdemo.pactflow.io/pacts/provider/pactflow-example-provider-springboot/consumer/pactflow-example-consumer/versions"},"pb:latest-untagged-pact-version":{"title":"Latest untagged version of this pact","href":"https://testdemo.pactflow.io/pacts/provider/pactflow-example-provider-springboot/consumer/pactflow-example-consumer/latest-untagged"},"pb:latest-tagged-pact-version":{"title":"Latest tagged version of this pact","href":"https://testdemo.pactflow.io/pacts/provider/pactflow-example-provider-springboot/consumer/pactflow-example-consumer/latest/{tag}","templated":true},"pb:previous-distinct":{"title":"Previous distinct version of this pact","href":"https://testdemo.pactflow.io/pacts/provider/pactflow-example-provider-springboot/consumer/pactflow-example-consumer/version/239aa50%2B1607297182/previous-distinct"},"pb:diff-previous-distinct":{"title":"Diff with previous distinct version of this pact","href":"https://testdemo.pactflow.io/pacts/provider/pactflow-example-provider-springboot/consumer/pactflow-example-consumer/version/239aa50%2B1607297182/diff/previous-distinct"},"pb:diff":{"title":"Diff with another specified version of this pact","href":"https://testdemo.pactflow.io/pacts/provider/pactflow-example-provider-springboot/consumer/pactflow-example-consumer/pact-version/4a6c2017e4f913c5b18ee0b526eae842567bf489/diff/pact-version/{pactVersion}","templated":true},"pb:pact-webhooks":{"title":"Webhooks for the pact between pactflow-example-consumer and pactflow-example-provider-springboot","href":"https://testdemo.pactflow.io/webhooks/provider/pactflow-example-provider-springboot/consumer/pactflow-example-consumer"},"pb:consumer-webhooks":{"title":"Webhooks for all pacts with provider pactflow-example-provider-springboot","href":"https://testdemo.pactflow.io/webhooks/consumer/pactflow-example-provider-springboot"},"pb:tag-prod-version":{"title":"PUT to this resource to tag this consumer version as 'production'","href":"https://testdemo.pactflow.io/pacticipants/pactflow-example-consumer/versions/239aa50%2B1607297182/tags/prod"},"pb:tag-version":{"title":"PUT to this resource to tag this consumer version","href":"https://testdemo.pactflow.io/pacticipants/pactflow-example-consumer/versions/239aa50%2B1607297182/tags/{tag}"},"pb:publish-verification-results":{"title":"Publish verification results","href":"https://testdemo.pactflow.io/pacts/provider/pactflow-example-provider-springboot/consumer/pactflow-example-consumer/pact-version/4a6c2017e4f913c5b18ee0b526eae842567bf489/verification-results"},"pb:latest-verification-results":{"href":"https://testdemo.pactflow.io/pacts/provider/pactflow-example-provider-springboot/consumer/pactflow-example-consumer/pact-version/4a6c2017e4f913c5b18ee0b526eae842567bf489/verification-results/latest"},"pb:triggered-webhooks":{"title":"Webhooks triggered by the publication of this pact","href":"https://testdemo.pactflow.io/pacts/provider/pactflow-example-provider-springboot/consumer/pactflow-example-consumer/version/239aa50%2B1607297182/triggered-webhooks"},"pb:matrix-for-consumer-version":{"title":"View matrix rows for the consumer version to which this pact belongs","href":"https://testdemo.pactflow.io/matrix?q[][pacticipant]=pactflow-example-consumer\u0026q[][version]=239aa50%2B1607297182\u0026latestby=cvpv"},"curies":[{"name":"pb","href":"https://testdemo.pactflow.io/doc/{rel}?context=pact","templated":true}]}}"
    12:11:29.777 [Test worker] DEBUG org.apache.http.headers - http-outgoing-1 << HTTP/1.1 200 OK
    12:11:29.777 [Test worker] DEBUG org.apache.http.headers - http-outgoing-1 << Date: Tue, 08 Dec 2020 01:11:29 GMT
    12:11:29.777 [Test worker] DEBUG org.apache.http.headers - http-outgoing-1 << Content-Type: application/hal+json;charset=utf-8
    12:11:29.777 [Test worker] DEBUG org.apache.http.headers - http-outgoing-1 << Content-Length: 6510
    12:11:29.777 [Test worker] DEBUG org.apache.http.headers - http-outgoing-1 << Connection: keep-alive
    12:11:29.777 [Test worker] DEBUG org.apache.http.headers - http-outgoing-1 << Vary: Accept
    12:11:29.777 [Test worker] DEBUG org.apache.http.headers - http-outgoing-1 << Server: Webmachine-Ruby/1.5.0 Rack/1.3
    12:11:29.777 [Test worker] DEBUG org.apache.http.headers - http-outgoing-1 << X-Pact-Broker-Version: 2.72.0
    12:11:29.777 [Test worker] DEBUG org.apache.http.headers - http-outgoing-1 << X-Pact-Broker-Git-Sha: a560ce6d
    12:11:29.777 [Test worker] DEBUG org.apache.http.headers - http-outgoing-1 << X-Pactflow-Git-Sha: 8d70ff64
    12:11:29.777 [Test worker] DEBUG org.apache.http.headers - http-outgoing-1 << X-Content-Type-Options: nosniff
    12:11:29.777 [Test worker] DEBUG org.apache.http.headers - http-outgoing-1 << X-Request-Id: 18059f61b7b0d812ab69c2ac8c3a70c1
    12:11:29.777 [Test worker] DEBUG org.apache.http.impl.execchain.MainClientExec - Connection can be kept alive indefinitely
    12:11:29.777 [Test worker] DEBUG org.apache.http.impl.conn.PoolingHttpClientConnectionManager - Connection [id: 1][route: {s}->https://testdemo.pactflow.io:443] can be kept alive indefinitely
    12:11:29.778 [Test worker] DEBUG org.apache.http.impl.conn.DefaultManagedHttpClientConnection - http-outgoing-1: set socket timeout to 0
    12:11:29.778 [Test worker] DEBUG org.apache.http.impl.conn.PoolingHttpClientConnectionManager - Connection released: [id: 1][route: {s}->https://testdemo.pactflow.io:443][total kept alive: 1; route allocated: 1 of 5; total allocated: 1 of 10]
    12:11:29.780 [Test worker] DEBUG org.apache.http.impl.conn.PoolingHttpClientConnectionManager - Connection manager is shutting down
    12:11:29.780 [Test worker] DEBUG org.apache.http.impl.conn.PoolingHttpClientConnectionManager - Connection manager shut down
    12:11:29.956 [Test worker] DEBUG org.springframework.test.context.support.DependencyInjectionTestExecutionListener - Performing dependency injection for test context [[DefaultTestContext@331ac64a testClass = ProductsPactTest, testInstance = com.example.springboot.ProductsPactTest@6ce1a999, testMethod = [null], testException = [null], mergedContextConfiguration = [WebMergedContextConfiguration@7a99c47d testClass = ProductsPactTest, locations = '{}', classes = '{class com.example.springboot.Application}', contextInitializerClasses = '[]', activeProfiles = '{}', propertySourceLocations = '{}', propertySourceProperties = '{org.springframework.boot.test.context.SpringBootTestContextBootstrapper=true}', contextCustomizers = set[org.springframework.boot.test.autoconfigure.properties.PropertyMappingContextCustomizer@0, org.springframework.boot.test.autoconfigure.web.servlet.WebDriverContextCustomizerFactory$Customizer@71e86a8b, org.springframework.boot.test.context.filter.ExcludeFilterContextCustomizer@640a8417, org.springframework.boot.test.json.DuplicateJsonObjectContextCustomizerFactory$DuplicateJsonObjectContextCustomizer@78ecf283, org.springframework.boot.test.mock.mockito.MockitoContextCustomizer@0, org.springframework.boot.test.web.client.TestRestTemplateContextCustomizer@6ef0eca4, org.springframework.boot.test.web.reactive.server.WebTestClientContextCustomizer@2d458acf], resourceBasePath = 'src/main/webapp', contextLoader = 'org.springframework.boot.test.context.SpringBootContextLoader', parent = [null]], attributes = map['org.springframework.test.context.web.ServletTestExecutionListener.activateListener' -> false]]].
    12:11:29.973 [Test worker] DEBUG org.springframework.test.context.support.TestPropertySourceUtils - Adding inlined properties to environment: {spring.jmx.enabled=false, org.springframework.boot.test.context.SpringBootTestContextBootstrapper=true}

      .   ____          _            __ _ _
     /\\ / ___'_ __ _ _(_)_ __  __ _ \ \ \ \
    ( ( )\___ | '_ | '_| | '_ \/ _` | \ \ \ \
     \\/  ___)| |_)| | | | | || (_| |  ) ) ) )
      '  |____| .__|_| |_|_| |_\__, | / / / /
     =========|_|==============|___/=/_/_/_/
     :: Spring Boot ::        (v2.2.2.RELEASE)

    2020-12-08 12:11:30.398  INFO 33375 --- [    Test worker] com.example.springboot.ProductsPactTest  : Starting ProductsPactTest on macfellows-2.local with PID 33375 (started by matthewfellows in /Users/matthewfellows/development/public/pactflow-example-provider-springboot)
    2020-12-08 12:11:30.400  INFO 33375 --- [    Test worker] com.example.springboot.ProductsPactTest  : No active profile set, falling back to default profiles: default
    2020-12-08 12:11:31.035  INFO 33375 --- [    Test worker] .s.d.r.c.RepositoryConfigurationDelegate : Bootstrapping Spring Data JPA repositories in DEFAULT mode.
    2020-12-08 12:11:31.191  INFO 33375 --- [    Test worker] .s.d.r.c.RepositoryConfigurationDelegate : Finished Spring Data repository scanning in 148ms. Found 1 JPA repository interfaces.
    2020-12-08 12:11:31.553  INFO 33375 --- [    Test worker] trationDelegate$BeanPostProcessorChecker : Bean 'org.springframework.transaction.annotation.ProxyTransactionManagementConfiguration' of type [org.springframework.transaction.annotation.ProxyTransactionManagementConfiguration] is not eligible for getting processed by all BeanPostProcessors (for example: not eligible for auto-proxying)
    2020-12-08 12:11:31.830  INFO 33375 --- [    Test worker] o.s.b.w.embedded.tomcat.TomcatWebServer  : Tomcat initialized with port(s): 8080 (http)
    2020-12-08 12:11:31.841  INFO 33375 --- [    Test worker] o.apache.catalina.core.StandardService   : Starting service [Tomcat]
    2020-12-08 12:11:31.841  INFO 33375 --- [    Test worker] org.apache.catalina.core.StandardEngine  : Starting Servlet engine: [Apache Tomcat/9.0.29]
    2020-12-08 12:11:31.966  INFO 33375 --- [    Test worker] o.a.c.c.C.[Tomcat].[localhost].[/]       : Initializing Spring embedded WebApplicationContext
    2020-12-08 12:11:31.966  INFO 33375 --- [    Test worker] o.s.web.context.ContextLoader            : Root WebApplicationContext: initialization completed in 1368 ms
    2020-12-08 12:11:32.132  INFO 33375 --- [    Test worker] com.zaxxer.hikari.HikariDataSource       : HikariPool-1 - Starting...
    2020-12-08 12:11:32.285  INFO 33375 --- [    Test worker] com.zaxxer.hikari.HikariDataSource       : HikariPool-1 - Start completed.
    2020-12-08 12:11:32.353  INFO 33375 --- [    Test worker] o.hibernate.jpa.internal.util.LogHelper  : HHH000204: Processing PersistenceUnitInfo [name: default]
    2020-12-08 12:11:32.422  INFO 33375 --- [    Test worker] org.hibernate.Version                    : HHH000412: Hibernate Core {5.4.9.Final}
    2020-12-08 12:11:32.572  INFO 33375 --- [    Test worker] o.hibernate.annotations.common.Version   : HCANN000001: Hibernate Commons Annotations {5.1.0.Final}
    2020-12-08 12:11:32.686  INFO 33375 --- [    Test worker] org.hibernate.dialect.Dialect            : HHH000400: Using dialect: org.hibernate.dialect.H2Dialect
    2020-12-08 12:11:33.260  INFO 33375 --- [    Test worker] o.h.e.t.j.p.i.JtaPlatformInitiator       : HHH000490: Using JtaPlatform implementation: [org.hibernate.engine.transaction.jta.platform.internal.NoJtaPlatform]
    2020-12-08 12:11:33.266  INFO 33375 --- [    Test worker] j.LocalContainerEntityManagerFactoryBean : Initialized JPA EntityManagerFactory for persistence unit 'default'
    2020-12-08 12:11:33.583  WARN 33375 --- [    Test worker] uration$JodaDateTimeJacksonConfiguration : Auto-configuration of Jackson's Joda-Time integration is deprecated in favor of using java.time (JSR-310).
    2020-12-08 12:11:33.727  WARN 33375 --- [    Test worker] JpaBaseConfiguration$JpaWebConfiguration : spring.jpa.open-in-view is enabled by default. Therefore, database queries may be performed during view rendering. Explicitly configure spring.jpa.open-in-view to disable this warning
    2020-12-08 12:11:33.926  INFO 33375 --- [    Test worker] o.s.s.concurrent.ThreadPoolTaskExecutor  : Initializing ExecutorService 'applicationTaskExecutor'
    2020-12-08 12:11:34.314  INFO 33375 --- [    Test worker] o.s.b.w.embedded.tomcat.TomcatWebServer  : Tomcat started on port(s): 8080 (http) with context path ''
    2020-12-08 12:11:34.317  INFO 33375 --- [    Test worker] com.example.springboot.ProductsPactTest  : Started ProductsPactTest in 4.34 seconds (JVM running for 7.022)
    2020-12-08 12:11:34.391  INFO 33375 --- [    Test worker] com.example.springboot.LoadDatabase      : Preloading Product(id=1, name=Burger, type=Aussie with avocade, egg, bacon and beetroot, version=1.0.0)
    2020-12-08 12:11:34.393  INFO 33375 --- [    Test worker] com.example.springboot.LoadDatabase      : Preloading Product(id=2, name=Chips, type=Sweet potato fries, version=1.2.3)

com.example.springboot.ProductsPactTest > Pact between pactflow-example-consumer (239aa50+1607297182) and pactflow-example-provider-springboot - a request to get a product STANDARD_OUT
    2020-12-08 12:11:34.502  INFO 33375 --- [    Test worker] p.j.PactVerificationStateChangeExtension : Invoking state change method 'a product with ID 10 exists':SETUP
    a product with ID 10 exists

    Verifying a pact between Pact between pactflow-example-consumer (239aa50+1607297182) and pactflow-example-provider-springboot

      Notices:
        1) The pact at https://testdemo.pactflow.io/pacts/provider/pactflow-example-provider-springboot/consumer/pactflow-example-consumer/pact-version/4a6c2017e4f913c5b18ee0b526eae842567bf489 is being verified because it matches the following configured selection criteria: latest pact for a consumer version tagged 'master', latest pact for a consumer version tagged 'prod' (both have the same content)
        2) This pact has previously been successfully verified by a version of pactflow-example-provider-springboot with tag 'master'. If this verification fails, it will fail the build. Read more at https://pact.io/pending

      [from Pact Broker https://testdemo.pactflow.io/pacts/provider/pactflow-example-provider-springboot/consumer/pactflow-example-consumer/pact-version/4a6c2017e4f913c5b18ee0b526eae842567bf489]
      Given a product with ID 10 exists
      a request to get a product
    2020-12-08 12:11:34.837  INFO 33375 --- [nio-8080-exec-1] o.a.c.c.C.[Tomcat].[localhost].[/]       : Initializing Spring DispatcherServlet 'dispatcherServlet'
    2020-12-08 12:11:34.837  INFO 33375 --- [nio-8080-exec-1] o.s.web.servlet.DispatcherServlet        : Initializing Servlet 'dispatcherServlet'
    2020-12-08 12:11:34.855  INFO 33375 --- [nio-8080-exec-1] o.s.web.servlet.DispatcherServlet        : Completed initialization in 18 ms
        returns a response which
          has status code 200 (OK)
          has a matching body (OK)
    2020-12-08 12:11:35.014  WARN 33375 --- [    Test worker] a.c.d.p.p.DefaultTestResultAccumulator   : Not all of the 3 were verified. The following were missing:
    2020-12-08 12:11:35.015  WARN 33375 --- [    Test worker] a.c.d.p.p.DefaultTestResultAccumulator   :     a request to get a product
    2020-12-08 12:11:35.015  WARN 33375 --- [    Test worker] a.c.d.p.p.DefaultTestResultAccumulator   :     a request to get all products

com.example.springboot.ProductsPactTest > Pact between pactflow-example-consumer (239aa50+1607297182) and pactflow-example-provider-springboot - a request to get a product STANDARD_OUT
    2020-12-08 12:11:35.030  INFO 33375 --- [    Test worker] p.j.PactVerificationStateChangeExtension : Invoking state change method 'a product with ID 11 does not exist':SETUP
    a product with ID 11 does not exist

    Verifying a pact between Pact between pactflow-example-consumer (239aa50+1607297182) and pactflow-example-provider-springboot

      Notices:
        1) The pact at https://testdemo.pactflow.io/pacts/provider/pactflow-example-provider-springboot/consumer/pactflow-example-consumer/pact-version/4a6c2017e4f913c5b18ee0b526eae842567bf489 is being verified because it matches the following configured selection criteria: latest pact for a consumer version tagged 'master', latest pact for a consumer version tagged 'prod' (both have the same content)
        2) This pact has previously been successfully verified by a version of pactflow-example-provider-springboot with tag 'master'. If this verification fails, it will fail the build. Read more at https://pact.io/pending

      [from Pact Broker https://testdemo.pactflow.io/pacts/provider/pactflow-example-provider-springboot/consumer/pactflow-example-consumer/pact-version/4a6c2017e4f913c5b18ee0b526eae842567bf489]
      Given a product with ID 11 does not exist
      a request to get a product
        returns a response which
          has status code 404 (FAILED)
          has a matching body (OK)

    Failures:

    1) Verifying a pact between pactflow-example-consumer and pactflow-example-provider-springboot - a request to get a product

        1.1) status: expected status of 404 but was 200


    2020-12-08 12:11:35.052  WARN 33375 --- [    Test worker] a.c.d.p.p.DefaultTestResultAccumulator   : Not all of the 3 were verified. The following were missing:
    2020-12-08 12:11:35.052  WARN 33375 --- [    Test worker] a.c.d.p.p.DefaultTestResultAccumulator   :     a request to get all products

com.example.springboot.ProductsPactTest > Pact between pactflow-example-consumer (239aa50+1607297182) and pactflow-example-provider-springboot - a request to get a product FAILED
    java.lang.AssertionError: 
    Failures:

    1) Verifying a pact between pactflow-example-consumer and pactflow-example-provider-springboot - a request to get a product

        1.1) status: expected status of 404 but was 200
        at au.com.dius.pact.provider.junit5.PactVerificationContext.verifyInteraction(PactJUnit5VerificationProvider.kt:97)
        at com.example.springboot.ProductsPactTest.pactVerificationTestTemplate(ProductsPactTest.java:35)

com.example.springboot.ProductsPactTest > Pact between pactflow-example-consumer (239aa50+1607297182) and pactflow-example-provider-springboot - a request to get all products STANDARD_OUT
    2020-12-08 12:11:35.057  INFO 33375 --- [    Test worker] p.j.PactVerificationStateChangeExtension : Invoking state change method 'products exist':SETUP
    a product with ID 11 does not exist

    Verifying a pact between Pact between pactflow-example-consumer (239aa50+1607297182) and pactflow-example-provider-springboot

      Notices:
        1) The pact at https://testdemo.pactflow.io/pacts/provider/pactflow-example-provider-springboot/consumer/pactflow-example-consumer/pact-version/4a6c2017e4f913c5b18ee0b526eae842567bf489 is being verified because it matches the following configured selection criteria: latest pact for a consumer version tagged 'master', latest pact for a consumer version tagged 'prod' (both have the same content)
        2) This pact has previously been successfully verified by a version of pactflow-example-provider-springboot with tag 'master'. If this verification fails, it will fail the build. Read more at https://pact.io/pending

      [from Pact Broker https://testdemo.pactflow.io/pacts/provider/pactflow-example-provider-springboot/consumer/pactflow-example-consumer/pact-version/4a6c2017e4f913c5b18ee0b526eae842567bf489]
      Given products exist
      a request to get all products
        returns a response which
          has status code 200 (OK)
          has a matching body (OK)
    2020-12-08 12:11:35.868  INFO 33375 --- [    Test worker] a.c.d.p.p.DefaultVerificationReporter    : Published verification result of 'Failed(results=[{interactionId=ba08b56e3fecb8a49c7f7a2d509d9fe3183a44cf, attribute=status, description=expected status of 404 but was 200}], description=Response status did not match)' for consumer 'Consumer(name=pactflow-example-consumer)'

Gradle Test Executor 3 finished executing tests.

> Task :test FAILED
2020-12-08 12:11:35.881  INFO 33375 --- [extShutdownHook] o.s.s.concurrent.ThreadPoolTaskExecutor  : Shutting down ExecutorService 'applicationTaskExecutor'
2020-12-08 12:11:35.882  INFO 33375 --- [extShutdownHook] j.LocalContainerEntityManagerFactoryBean : Closing JPA EntityManagerFactory for persistence unit 'default'
2020-12-08 12:11:35.882  INFO 33375 --- [extShutdownHook] .SchemaDropperImpl$DelayedDropActionImpl : HHH000477: Starting delayed evictData of schema as part of SessionFactory shut-down'
2020-12-08 12:11:35.887  INFO 33375 --- [extShutdownHook] com.zaxxer.hikari.HikariDataSource       : HikariPool-1 - Shutdown initiated...
2020-12-08 12:11:35.889  INFO 33375 --- [extShutdownHook] com.zaxxer.hikari.HikariDataSource       : HikariPool-1 - Shutdown completed.
Finished generating test XML results (0.004 secs) into: /Users/matthewfellows/development/public/pactflow-example-provider-springboot/build/test-results/test
Generating HTML test report...
Finished generating test html results (0.004 secs) into: /Users/matthewfellows/development/public/pactflow-example-provider-springboot/build/reports/tests/test
:test (Thread[Execution worker for ':' Thread 7,5,main]) completed. Took 8.752 secs.

Deprecated Gradle features were used in this build, making it incompatible with Gradle 7.0.
Use '--warning-mode all' to show the individual deprecation warnings.
See https://docs.gradle.org/6.6.1/userguide/command_line_interface.html#sec:command_line_warnings
4 actionable tasks: 4 executed
